<?xml version="1.0" encoding="UTF-8"?>
<!-- Generated by org.testng.reporters.JUnitReportReporter -->
<testsuite hostname="DESKTOP-5TRQ2HB" name="tests.LoanAndCredit" tests="2" failures="0" timestamp="5 May 2019 04:33:53 GMT" time="0.473" errors="0">
  <testcase name="mobilebanking" time="0.206" classname="tests.LoanAndCredit"/>
  <testcase name="onlinecredit" time="0.267" classname="tests.LoanAndCredit"/>
</testsuite> <!-- tests.LoanAndCredit -->
