<?xml version="1.0" encoding="UTF-8"?>
<!-- Generated by org.testng.reporters.JUnitReportReporter -->
<testsuite hostname="DESKTOP-5TRQ2HB" name="tests.Searchanything" tests="1" failures="0" timestamp="5 May 2019 17:08:18 GMT" time="0.238" errors="0">
  <testcase name="Searchoption" time="0.238" classname="tests.Searchanything"/>
</testsuite> <!-- tests.Searchanything -->
